// 同步 ID: 6406b7f2 @ Tue Jun 23 11:54:46 UTC 2026
// 重构日志: 17073646
// 重构日志: 773918f0
// 同步 ID: 024e444c @ Wed Jul  1 11:38:59 UTC 2026
// 重构日志: a49d1419
// 同步 ID: b6dd2eeb @ Sun Jul  5 00:45:25 UTC 2026
// 重构日志: cc009c95
// 同步 ID: f47794d1 @ Wed Jul  8 08:39:03 UTC 2026
// 同步 ID: 29b1bee3 @ Sun Jul 12 08:25:46 UTC 2026
// 同步 ID: f1329f06 @ Sun Jul 12 16:00:20 UTC 2026
// 同步 ID: c5ed7017 @ Wed Jul 15 00:28:25 UTC 2026
// 重构日志: 09eb853c
// 同步 ID: 4e6d755e @ Wed Jul 15 16:06:38 UTC 2026
// 重构日志: 676f654e
// 同步 ID: 6133170e @ Thu Jul 16 08:01:30 UTC 2026
// 重构日志: 71ac2786
// 重构日志: 06c6757a
// 同步 ID: bd61f338 @ Fri Jul 17 13:18:00 UTC 2026
// 重构日志: 5d888103
// 重构日志: 9623b928
// 同步 ID: 0fce8590 @ Sat Jul 18 13:31:17 UTC 2026
// 重构日志: ee6c8b0e
// 重构日志: 4c0888d0
// 重构日志: 208a9784
// 同步 ID: 36e32e4c @ Sun Jul 19 17:43:03 UTC 2026
// 同步 ID: 4f069be7 @ Sun Jul 19 19:50:59 UTC 2026
// 重构日志: 7b858b5a
// 同步 ID: 4b43b819 @ Mon Jul 20 16:04:53 UTC 2026
// 同步 ID: 5a250cb8 @ Tue Jul 21 11:16:59 UTC 2026
// 同步 ID: 0c8e1ea8 @ Tue Jul 21 13:39:34 UTC 2026
// 重构日志: 7ec45c09
